Determining if the pthread_create exist failed with the following output:
Change Dir: /work/dev/experiments/py-mask-rcnn/caffe-fast-rcnn/cmakebuild/CMakeFiles/CMakeTmp

Run Build Command:"/usr/bin/make" "cmTC_28c12/fast"
/usr/bin/make -f CMakeFiles/cmTC_28c12.dir/build.make CMakeFiles/cmTC_28c12.dir/build
make[1]: Entering directory '/work/dev/experiments/py-mask-rcnn/caffe-fast-rcnn/cmakebuild/CMakeFiles/CMakeTmp'
Building C object CMakeFiles/cmTC_28c12.dir/CheckSymbolExists.c.o
/usr/bin/cc     -o CMakeFiles/cmTC_28c12.dir/CheckSymbolExists.c.o   -c /work/dev/experiments/py-mask-rcnn/caffe-fast-rcnn/cmakebuild/CMakeFiles/CMakeTmp/CheckSymbolExists.c
Linking C executable cmTC_28c12
/usr/bin/cmake -E cmake_link_script CMakeFiles/cmTC_28c12.dir/link.txt --verbose=1
/usr/bin/cc       CMakeFiles/cmTC_28c12.dir/CheckSymbolExists.c.o  -o cmTC_28c12 -rdynamic 
CMakeFiles/cmTC_28c12.dir/CheckSymbolExists.c.o：在函数‘main’中：
CheckSymbolExists.c:(.text+0x16)：对‘pthread_create’未定义的引用
collect2: error: ld returned 1 exit status
CMakeFiles/cmTC_28c12.dir/build.make:97: recipe for target 'cmTC_28c12' failed
make[1]: *** [cmTC_28c12] Error 1
make[1]: Leaving directory '/work/dev/experiments/py-mask-rcnn/caffe-fast-rcnn/cmakebuild/CMakeFiles/CMakeTmp'
Makefile:126: recipe for target 'cmTC_28c12/fast' failed
make: *** [cmTC_28c12/fast] Error 2

File /work/dev/experiments/py-mask-rcnn/caffe-fast-rcnn/cmakebuild/CMakeFiles/CMakeTmp/CheckSymbolExists.c:
/* */
#include <pthread.h>

int main(int argc, char** argv)
{
  (void)argv;
#ifndef pthread_create
  return ((int*)(&pthread_create))[argc];
#else
  (void)argc;
  return 0;
#endif
}

Determining if the function pthread_create exists in the pthreads failed with the following output:
Change Dir: /work/dev/experiments/py-mask-rcnn/caffe-fast-rcnn/cmakebuild/CMakeFiles/CMakeTmp

Run Build Command:"/usr/bin/make" "cmTC_78652/fast"
/usr/bin/make -f CMakeFiles/cmTC_78652.dir/build.make CMakeFiles/cmTC_78652.dir/build
make[1]: Entering directory '/work/dev/experiments/py-mask-rcnn/caffe-fast-rcnn/cmakebuild/CMakeFiles/CMakeTmp'
Building C object CMakeFiles/cmTC_78652.dir/CheckFunctionExists.c.o
/usr/bin/cc    -DCHECK_FUNCTION_EXISTS=pthread_create   -o CMakeFiles/cmTC_78652.dir/CheckFunctionExists.c.o   -c /usr/share/cmake-3.5/Modules/CheckFunctionExists.c
Linking C executable cmTC_78652
/usr/bin/cmake -E cmake_link_script CMakeFiles/cmTC_78652.dir/link.txt --verbose=1
/usr/bin/cc   -DCHECK_FUNCTION_EXISTS=pthread_create    CMakeFiles/cmTC_78652.dir/CheckFunctionExists.c.o  -o cmTC_78652 -rdynamic -lpthreads 
/usr/bin/ld: 找不到 -lpthreads
collect2: error: ld returned 1 exit status
CMakeFiles/cmTC_78652.dir/build.make:97: recipe for target 'cmTC_78652' failed
make[1]: *** [cmTC_78652] Error 1
make[1]: Leaving directory '/work/dev/experiments/py-mask-rcnn/caffe-fast-rcnn/cmakebuild/CMakeFiles/CMakeTmp'
Makefile:126: recipe for target 'cmTC_78652/fast' failed
make: *** [cmTC_78652/fast] Error 2


