Determining if the pthread_create exist failed with the following output:
Change Dir: /media/liujin/8f304754-fa23-4d25-bdd9-8095e1958bb7/project/caffe-ocr/cmake/CMakeFiles/CMakeTmp

Run Build Command:"/usr/bin/make" "cmTC_e355d/fast"
/usr/bin/make -f CMakeFiles/cmTC_e355d.dir/build.make CMakeFiles/cmTC_e355d.dir/build
make[1]: Entering directory '/media/liujin/8f304754-fa23-4d25-bdd9-8095e1958bb7/project/caffe-ocr/cmake/CMakeFiles/CMakeTmp'
Building C object CMakeFiles/cmTC_e355d.dir/CheckSymbolExists.c.o
/usr/bin/cc     -o CMakeFiles/cmTC_e355d.dir/CheckSymbolExists.c.o   -c /media/liujin/8f304754-fa23-4d25-bdd9-8095e1958bb7/project/caffe-ocr/cmake/CMakeFiles/CMakeTmp/CheckSymbolExists.c
Linking C executable cmTC_e355d
/usr/bin/cmake -E cmake_link_script CMakeFiles/cmTC_e355d.dir/link.txt --verbose=1
/usr/bin/cc       CMakeFiles/cmTC_e355d.dir/CheckSymbolExists.c.o  -o cmTC_e355d -rdynamic 
CMakeFiles/cmTC_e355d.dir/CheckSymbolExists.c.o：在函数‘main’中：
CheckSymbolExists.c:(.text+0x16)：对‘pthread_create’未定义的引用
collect2: error: ld returned 1 exit status
CMakeFiles/cmTC_e355d.dir/build.make:97: recipe for target 'cmTC_e355d' failed
make[1]: *** [cmTC_e355d] Error 1
make[1]: Leaving directory '/media/liujin/8f304754-fa23-4d25-bdd9-8095e1958bb7/project/caffe-ocr/cmake/CMakeFiles/CMakeTmp'
Makefile:126: recipe for target 'cmTC_e355d/fast' failed
make: *** [cmTC_e355d/fast] Error 2

File /media/liujin/8f304754-fa23-4d25-bdd9-8095e1958bb7/project/caffe-ocr/cmake/CMakeFiles/CMakeTmp/CheckSymbolExists.c:
/* */
#include <pthread.h>

int main(int argc, char** argv)
{
  (void)argv;
#ifndef pthread_create
  return ((int*)(&pthread_create))[argc];
#else
  (void)argc;
  return 0;
#endif
}

Determining if the function pthread_create exists in the pthreads failed with the following output:
Change Dir: /media/liujin/8f304754-fa23-4d25-bdd9-8095e1958bb7/project/caffe-ocr/cmake/CMakeFiles/CMakeTmp

Run Build Command:"/usr/bin/make" "cmTC_885f0/fast"
/usr/bin/make -f CMakeFiles/cmTC_885f0.dir/build.make CMakeFiles/cmTC_885f0.dir/build
make[1]: Entering directory '/media/liujin/8f304754-fa23-4d25-bdd9-8095e1958bb7/project/caffe-ocr/cmake/CMakeFiles/CMakeTmp'
Building C object CMakeFiles/cmTC_885f0.dir/CheckFunctionExists.c.o
/usr/bin/cc    -DCHECK_FUNCTION_EXISTS=pthread_create   -o CMakeFiles/cmTC_885f0.dir/CheckFunctionExists.c.o   -c /usr/share/cmake-3.5/Modules/CheckFunctionExists.c
Linking C executable cmTC_885f0
/usr/bin/cmake -E cmake_link_script CMakeFiles/cmTC_885f0.dir/link.txt --verbose=1
/usr/bin/cc   -DCHECK_FUNCTION_EXISTS=pthread_create    CMakeFiles/cmTC_885f0.dir/CheckFunctionExists.c.o  -o cmTC_885f0 -rdynamic -lpthreads 
/usr/bin/ld: 找不到 -lpthreads
collect2: error: ld returned 1 exit status
CMakeFiles/cmTC_885f0.dir/build.make:97: recipe for target 'cmTC_885f0' failed
make[1]: *** [cmTC_885f0] Error 1
make[1]: Leaving directory '/media/liujin/8f304754-fa23-4d25-bdd9-8095e1958bb7/project/caffe-ocr/cmake/CMakeFiles/CMakeTmp'
Makefile:126: recipe for target 'cmTC_885f0/fast' failed
make: *** [cmTC_885f0/fast] Error 2


